Flutter crash report.
Please report a bug at https://github.com/flutter/flutter/issues.

## command

flutter --no-color run --machine --track-widget-creation --device-id=emulator-5554 --start-paused --dart-define=flutter.inspector.structuredErrors=true lib\main.dart

## exception

StateError: Bad state: The client closed with pending request "streamCancel".

```
#0      new Client.withoutJson.<anonymous closure> (package:json_rpc_2/src/client.dart:70:24)
#1      _rootRun (dart:async/zone.dart:1182:47)
#2      _CustomZone.run (dart:async/zone.dart:1093:19)
#3      _FutureListener.handleWhenComplete (dart:async/future_impl.dart:167:18)
#4      Future._propagateToListeners.handleWhenCompleteCallback (dart:async/future_impl.dart:666:39)
#5      Future._propagateToListeners (dart:async/future_impl.dart:722:37)
#6      Future._propagateToListeners (dart:async/future_impl.dart:621:9)
#7      Future._completeWithValue (dart:async/future_impl.dart:529:5)
#8      Future._asyncCompleteWithValue.<anonymous closure> (dart:async/future_impl.dart:567:7)
#9      _rootRun (dart:async/zone.dart:1190:13)
#10     _CustomZone.run (dart:async/zone.dart:1093:19)
#11     _CustomZone.runGuarded (dart:async/zone.dart:997:7)
#12     _CustomZone.bindCallbackGuarded.<anonymous closure> (dart:async/zone.dart:1037:23)
#13     _microtaskLoop (dart:async/schedule_microtask.dart:41:21)
#14     _startMicrotaskLoop (dart:async/schedule_microtask.dart:50:5)
#15     _runPendingImmediateCallback (dart:isolate-patch/isolate_patch.dart:120:13)
#16     _RawReceivePortImpl._handleMessage (dart:isolate-patch/isolate_patch.dart:185:5)
```

## flutter doctor

```
[✓] Flutter (Channel beta, 1.24.0-10.2.pre, on Microsoft Windows [Version 10.0.19042.867], locale en-GB)
    • Flutter version 1.24.0-10.2.pre at C:\flutter
    • Framework revision 022b333a08 (4 months ago), 2020-11-18 11:35:09 -0800
    • Engine revision 07c1eed46b
    • Dart version 2.12.0 (build 2.12.0-29.10.beta)

[✓] Android toolchain - develop for Android devices (Android SDK version 30.0.2)
    • Android SDK at C:\Users\Admin\AppData\Local\Android\Sdk
    • Platform android-30, build-tools 30.0.2
    • ANDROID_HOME = C:/Users/Admin/AppData/Local/Android/Sdk
    • ANDROID_SDK_ROOT = C:\Users\Admin\AppData\Local\Android\Sdk
    • Java binary at: C:\Program Files\Android\Android Studio2\jre\bin\java
    • Java version OpenJDK Runtime Environment (build 1.8.0_242-release-1644-b01)
    • All Android licenses accepted.

[✗] Chrome - develop for the web (Cannot find Chrome executable at .\Google\Chrome\Application\chrome.exe)
    ! Cannot find Chrome. Try setting CHROME_EXECUTABLE to a Chrome executable.

[✓] Android Studio (version 4.1.0)
    • Android Studio at C:\Program Files\Android\Android Studio2
    • Flutter plugin can be installed from:
      🔨 https://plugins.jetbrains.com/plugin/9212-flutter
    • Dart plugin can be installed from:
      🔨 https://plugins.jetbrains.com/plugin/6351-dart
    • Java version OpenJDK Runtime Environment (build 1.8.0_242-release-1644-b01)

[✓] Connected device (3 available)
    • sdk gphone x86 arm (mobile) • emulator-5554 • android-x86    • Android 11 (API 30) (emulator)
    • Web Server (web)            • web-server    • web-javascript • Flutter Tools
    • Edge (web)                  • edge          • web-javascript • Microsoft Edge 89.0.774.63

! Doctor found issues in 1 category.
```
